c:\users\windows user\desktop\6883\exceldriver\exceldriver\debug\exceldriver.pch
c:\users\windows user\desktop\6883\exceldriver\exceldriver\debug\vc141.pdb
c:\users\windows user\desktop\6883\exceldriver\exceldriver\debug\vc141.idb
c:\users\windows user\desktop\6883\exceldriver\exceldriver\debug\stdafx.obj
c:\users\windows user\desktop\6883\exceldriver\exceldriver\debug\stringconversions.obj
c:\users\windows user\desktop\6883\exceldriver\exceldriver\debug\exceldriver.obj
c:\users\windows user\desktop\6883\exceldriver\exceldriver\debug\excelimports.obj
c:\users\windows user\desktop\6883\exceldriver\exceldriver\debug\excelmechanisms.obj
c:\users\windows user\desktop\6883\exceldriver\exceldriver\debug\datasimexception.obj
c:\users\windows user\desktop\6883\exceldriver\exceldriver\debug\testmatrixexcel.obj
c:\users\windows user\desktop\6883\exceldriver\exceldriver\debug\menu.obj
c:\users\windows user\desktop\6883\exceldriver\debug\exceldriver.exe
c:\users\windows user\desktop\6883\exceldriver\debug\exceldriver.ilk
c:\users\windows user\desktop\6883\exceldriver\debug\exceldriver.pdb
c:\users\windows user\desktop\6883\exceldriver\exceldriver\debug\excel.tli
c:\users\windows user\desktop\6883\exceldriver\exceldriver\debug\mso.tli
c:\users\windows user\desktop\6883\exceldriver\exceldriver\debug\vbe6ext.tli
c:\users\windows user\desktop\6883\exceldriver\exceldriver\debug\excel.tlh
c:\users\windows user\desktop\6883\exceldriver\exceldriver\debug\mso.tlh
c:\users\windows user\desktop\6883\exceldriver\exceldriver\debug\vbe6ext.tlh
c:\users\windows user\desktop\6883\exceldriver\exceldriver\debug\exceldriver.tlog\cl.command.1.tlog
c:\users\windows user\desktop\6883\exceldriver\exceldriver\debug\exceldriver.tlog\cl.read.1.tlog
c:\users\windows user\desktop\6883\exceldriver\exceldriver\debug\exceldriver.tlog\cl.write.1.tlog
c:\users\windows user\desktop\6883\exceldriver\exceldriver\debug\exceldriver.tlog\link-cvtres.read.1.tlog
c:\users\windows user\desktop\6883\exceldriver\exceldriver\debug\exceldriver.tlog\link-cvtres.write.1.tlog
c:\users\windows user\desktop\6883\exceldriver\exceldriver\debug\exceldriver.tlog\link-rc.read.1.tlog
c:\users\windows user\desktop\6883\exceldriver\exceldriver\debug\exceldriver.tlog\link-rc.write.1.tlog
c:\users\windows user\desktop\6883\exceldriver\exceldriver\debug\exceldriver.tlog\link.10092-cvtres.read.1.tlog
c:\users\windows user\desktop\6883\exceldriver\exceldriver\debug\exceldriver.tlog\link.10092-cvtres.write.1.tlog
c:\users\windows user\desktop\6883\exceldriver\exceldriver\debug\exceldriver.tlog\link.10092-rc.read.1.tlog
c:\users\windows user\desktop\6883\exceldriver\exceldriver\debug\exceldriver.tlog\link.10092-rc.write.1.tlog
c:\users\windows user\desktop\6883\exceldriver\exceldriver\debug\exceldriver.tlog\link.10092.read.1.tlog
c:\users\windows user\desktop\6883\exceldriver\exceldriver\debug\exceldriver.tlog\link.10092.write.1.tlog
c:\users\windows user\desktop\6883\exceldriver\exceldriver\debug\exceldriver.tlog\link.command.1.tlog
c:\users\windows user\desktop\6883\exceldriver\exceldriver\debug\exceldriver.tlog\link.read.1.tlog
c:\users\windows user\desktop\6883\exceldriver\exceldriver\debug\exceldriver.tlog\link.write.1.tlog
